生成启动时间为 2017/6/30 11:29:28。
     1>项目“D:\louzi_GitHub\after graduation and before entry\MineSweeping\MineSweeping\MineSweeping\MineSweeping.vcxproj”在节点 2 上(Rebuild 个目标)。
     1>C:\Program Files (x86)\MSBuild\Microsoft.Cpp\v4.0\V120\Microsoft.CppClean.targets(76,5): warning : 文件“d:\louzi_github\after graduation and before entry\minesweeping\minesweeping\minesweeping\debug\vc120.idb”正由另一进程使用，因此该进程无法访问此文件。
     1>ClCompile:
         C:\Program Files (x86)\Microsoft Visual Studio 12.0\VC\bin\CL.exe /c /ZI /nologo /W3 /WX- /sdl /Od /Oy- /D WIN32 /D _DEBUG /D _WINDOWS /D _UNICODE /D UNICODE /Gm /EHsc /RTC1 /MDd /GS /fp:precise /Zc:wchar_t /Zc:forScope /Yc"stdafx.h" /Fp"Debug\MineSweeping.pch" /Fo"Debug\\" /Fd"Debug\vc120.pdb" /Gd /TP /analyze- /errorReport:prompt stdafx.cpp
         stdafx.cpp
         C:\Program Files (x86)\Microsoft Visual Studio 12.0\VC\bin\CL.exe /c /ZI /nologo /W3 /WX- /sdl /Od /Oy- /D WIN32 /D _DEBUG /D _WINDOWS /D _UNICODE /D UNICODE /Gm /EHsc /RTC1 /MDd /GS /fp:precise /Zc:wchar_t /Zc:forScope /Fo"Debug\\" /Fd"Debug\vc120.pdb" /Gd /TP /analyze- /errorReport:prompt Game.cpp MineSweeping.cpp
         MineSweeping.cpp
         Game.cpp
     1>d:\louzi_github\after graduation and before entry\minesweeping\minesweeping\minesweeping\game.cpp(102): warning C4244: “参数”: 从“time_t”转换到“unsigned int”，可能丢失数据
         正在生成代码...
       ResourceCompile:
         C:\Program Files (x86)\Windows Kits\8.1\bin\x86\rc.exe /D _UNICODE /D UNICODE /l"0x0409" /nologo /fo"Debug\MineSweeping.res" MineSweeping.rc 
       Link:
         C:\Program Files (x86)\Microsoft Visual Studio 12.0\VC\bin\link.exe /ERRORREPORT:PROMPT /OUT:"D:\louzi_GitHub\after graduation and before entry\MineSweeping\MineSweeping\Debug\MineSweeping.exe" /INCREMENTAL /NOLOGO opencv_world310.lib opencv_world310d.lib kernel32.lib user32.lib gdi32.lib winspool.lib comdlg32.lib advapi32.lib shell32.lib ole32.lib oleaut32.lib uuid.lib odbc32.lib odbccp32.lib /MANIFEST /MANIFESTUAC:"level='asInvoker' uiAccess='false'" /manifest:embed /DEBUG /PDB:"D:\louzi_GitHub\after graduation and before entry\MineSweeping\MineSweeping\Debug\MineSweeping.pdb" /SUBSYSTEM:WINDOWS /TLBID:1 /DYNAMICBASE /NXCOMPAT /IMPLIB:"D:\louzi_GitHub\after graduation and before entry\MineSweeping\MineSweeping\Debug\MineSweeping.lib" /MACHINE:X86 Debug\MineSweeping.res
         Debug\Game.obj
         Debug\MineSweeping.obj
         Debug\stdafx.obj
         MineSweeping.vcxproj -> D:\louzi_GitHub\after graduation and before entry\MineSweeping\MineSweeping\Debug\MineSweeping.exe
     1>已完成生成项目“D:\louzi_GitHub\after graduation and before entry\MineSweeping\MineSweeping\MineSweeping\MineSweeping.vcxproj”(Rebuild 个目标)的操作。

生成成功。

已用时间 00:00:02.90
